myHadoop: Setting MH_IPOIB_TRANSFORM='s/\([^.]*\).*$/\1.ibnet/' from myhadoop.conf
myHadoop: Setting MH_SCRATCH_DIR=/scratch/$USER/$SLURM_JOBID from myhadoop.conf
myHadoop: Using HADOOP_HOME=/opt/hadoop/2.6.0
myHadoop: Using MH_SCRATCH_DIR=/scratch/sxv5264/31876421
myHadoop: Using JAVA_HOME=/lib/jvm/java
myHadoop: Generating Hadoop configuration in directory in /home/sxv5264/cometcluster...
myHadoop: Backing up old config dir to /home/sxv5264/cometcluster.1...
‘/home/sxv5264/cometcluster’ -> ‘/home/sxv5264/cometcluster.1’
myHadoop: Designating comet-11-12.ibnet as master node (namenode, secondary namenode, and jobtracker)
myHadoop: The following nodes will be slaves (datanode, tasktracer):
comet-11-12.ibnet
comet-11-27.ibnet
20/03/03 21:00:29 INFO namenode.NameNode: STARTUP_MSG:
/************************************************************
STARTUP_MSG: Starting NameNode
STARTUP_MSG:   host = comet-11-12.sdsc.edu/198.202.118.179
STARTUP_MSG:   args = [-format]
STARTUP_MSG:   version = 2.6.0
STARTUP_MSG:   classpath = /home/sxv5264/cometcluster:/opt/hadoop/2.6.0/share/hadoop/common/lib/jetty-util-6.1.26.jar:/opt/hadoop/2.6.0/share/hadoop/common/lib/commons-lang-2.6.jar:/opt/hadoop/2.6.0/share/hadoop/common/lib/jasper-compiler-5.5.23.jar:/opt/hadoop/2.6.0/share/hadoop/common/lib/hamcrest-core-1.3.jar:/opt/hadoop/2.6.0/share/hadoop/common/lib/curator-client-2.6.0.jar:/opt/hadoop/2.6.0/share/hadoop/common/lib/httpclient-4.2.5.jar:/opt/hadoop/2.6.0/share/hadoop/common/lib/hadoop-annotations-2.6.0.jar:/opt/hadoop/2.6.0/share/hadoop/common/lib/activation-1.1.jar:/opt/hadoop/2.6.0/share/hadoop/common/lib/junit-4.11.jar:/opt/hadoop/2.6.0/share/hadoop/common/lib/jasper-runtime-5.5.23.jar:/opt/hadoop/2.6.0/share/hadoop/common/lib/curator-framework-2.6.0.jar:/opt/hadoop/2.6.0/share/hadoop/common/lib/commons-cli-1.2.jar:/opt/hadoop/2.6.0/share/hadoop/common/lib/jaxb-api-2.2.2.jar:/opt/hadoop/2.6.0/share/hadoop/common/lib/commons-collections-3.2.1.jar:/opt/hadoop/2.6.0/share/hadoop/common/lib/jaxb-impl-2.2.3-1.jar:/opt/hadoop/2.6.0/share/hadoop/common/lib/stax-api-1.0-2.jar:/opt/hadoop/2.6.0/share/hadoop/common/lib/jackson-core-asl-1.9.13.jar:/opt/hadoop/2.6.0/share/hadoop/common/lib/mockito-all-1.8.5.jar:/opt/hadoop/2.6.0/share/hadoop/common/lib/java-xmlbuilder-0.4.jar:/opt/hadoop/2.6.0/share/hadoop/common/lib/jetty-6.1.26.jar:/opt/hadoop/2.6.0/share/hadoop/common/lib/jersey-server-1.9.jar:/opt/hadoop/2.6.0/share/hadoop/common/lib/jackson-jaxrs-1.9.13.jar:/opt/hadoop/2.6.0/share/hadoop/common/lib/jsch-0.1.42.jar:/opt/hadoop/2.6.0/share/hadoop/common/lib/paranamer-2.3.jar:/opt/hadoop/2.6.0/share/hadoop/common/lib/servlet-api-2.5.jar:/opt/hadoop/2.6.0/share/hadoop/common/lib/commons-beanutils-1.7.0.jar:/opt/hadoop/2.6.0/share/hadoop/common/lib/commons-httpclient-3.1.jar:/opt/hadoop/2.6.0/share/hadoop/common/lib/apacheds-kerberos-codec-2.0.0-M15.jar:/opt/hadoop/2.6.0/share/hadoop/common/lib/commons-digester-1.8.jar:/opt/hadoop/2.6.0/share/hadoop/common/lib/log4j-1.2.17.jar:/opt/hadoop/2.6.0/share/hadoop/common/lib/jackson-mapper-asl-1.9.13.jar:/opt/hadoop/2.6.0/share/hadoop/common/lib/gson-2.2.4.jar:/opt/hadoop/2.6.0/share/hadoop/common/lib/commons-compress-1.4.1.jar:/opt/hadoop/2.6.0/share/hadoop/common/lib/guava-11.0.2.jar:/opt/hadoop/2.6.0/share/hadoop/common/lib/commons-configuration-1.6.jar:/opt/hadoop/2.6.0/share/hadoop/common/lib/commons-io-2.4.jar:/opt/hadoop/2.6.0/share/hadoop/common/lib/asm-3.2.jar:/opt/hadoop/2.6.0/share/hadoop/common/lib/httpcore-4.2.5.jar:/opt/hadoop/2.6.0/share/hadoop/common/lib/jsr305-1.3.9.jar:/opt/hadoop/2.6.0/share/hadoop/common/lib/hadoop-auth-2.6.0.jar:/opt/hadoop/2.6.0/share/hadoop/common/lib/jettison-1.1.jar:/opt/hadoop/2.6.0/share/hadoop/common/lib/jsp-api-2.1.jar:/opt/hadoop/2.6.0/share/hadoop/common/lib/commons-net-3.1.jar:/opt/hadoop/2.6.0/share/hadoop/common/lib/slf4j-api-1.7.5.jar:/opt/hadoop/2.6.0/share/hadoop/common/lib/jackson-xc-1.9.13.jar:/opt/hadoop/2.6.0/share/hadoop/common/lib/commons-logging-1.1.3.jar:/opt/hadoop/2.6.0/share/hadoop/common/lib/commons-math3-3.1.1.jar:/opt/hadoop/2.6.0/share/hadoop/common/lib/protobuf-java-2.5.0.jar:/opt/hadoop/2.6.0/share/hadoop/common/lib/jersey-core-1.9.jar:/opt/hadoop/2.6.0/share/hadoop/common/lib/commons-beanutils-core-1.8.0.jar:/opt/hadoop/2.6.0/share/hadoop/common/lib/slf4j-log4j12-1.7.5.jar:/opt/hadoop/2.6.0/share/hadoop/common/lib/curator-recipes-2.6.0.jar:/opt/hadoop/2.6.0/share/hadoop/common/lib/xmlenc-0.52.jar:/opt/hadoop/2.6.0/share/hadoop/common/lib/xz-1.0.jar:/opt/hadoop/2.6.0/share/hadoop/common/lib/netty-3.6.2.Final.jar:/opt/hadoop/2.6.0/share/hadoop/common/lib/avro-1.7.4.jar:/opt/hadoop/2.6.0/share/hadoop/common/lib/api-util-1.0.0-M20.jar:/opt/hadoop/2.6.0/share/hadoop/common/lib/apacheds-i18n-2.0.0-M15.jar:/opt/hadoop/2.6.0/share/hadoop/common/lib/htrace-core-3.0.4.jar:/opt/hadoop/2.6.0/share/hadoop/common/lib/jersey-json-1.9.jar:/opt/hadoop/2.6.0/share/hadoop/common/lib/commons-codec-1.4.jar:/opt/hadoop/2.6.0/share/hadoop/common/lib/snappy-java-1.0.4.1.jar:/opt/hadoop/2.6.0/share/hadoop/common/lib/commons-el-1.0.jar:/opt/hadoop/2.6.0/share/hadoop/common/lib/jets3t-0.9.0.jar:/opt/hadoop/2.6.0/share/hadoop/common/lib/zookeeper-3.4.6.jar:/opt/hadoop/2.6.0/share/hadoop/common/lib/api-asn1-api-1.0.0-M20.jar:/opt/hadoop/2.6.0/share/hadoop/common/hadoop-nfs-2.6.0.jar:/opt/hadoop/2.6.0/share/hadoop/common/hadoop-common-2.6.0.jar:/opt/hadoop/2.6.0/share/hadoop/common/hadoop-common-2.6.0-tests.jar:/opt/hadoop/2.6.0/share/hadoop/hdfs:/opt/hadoop/2.6.0/share/hadoop/hdfs/lib/jetty-util-6.1.26.jar:/opt/hadoop/2.6.0/share/hadoop/hdfs/lib/commons-lang-2.6.jar:/opt/hadoop/2.6.0/share/hadoop/hdfs/lib/jasper-runtime-5.5.23.jar:/opt/hadoop/2.6.0/share/hadoop/hdfs/lib/commons-cli-1.2.jar:/opt/hadoop/2.6.0/share/hadoop/hdfs/lib/jackson-core-asl-1.9.13.jar:/opt/hadoop/2.6.0/share/hadoop/hdfs/lib/xml-apis-1.3.04.jar:/opt/hadoop/2.6.0/share/hadoop/hdfs/lib/jetty-6.1.26.jar:/opt/hadoop/2.6.0/share/hadoop/hdfs/lib/jersey-server-1.9.jar:/opt/hadoop/2.6.0/share/hadoop/hdfs/lib/servlet-api-2.5.jar:/opt/hadoop/2.6.0/share/hadoop/hdfs/lib/commons-daemon-1.0.13.jar:/opt/hadoop/2.6.0/share/hadoop/hdfs/lib/log4j-1.2.17.jar:/opt/hadoop/2.6.0/share/hadoop/hdfs/lib/jackson-mapper-asl-1.9.13.jar:/opt/hadoop/2.6.0/share/hadoop/hdfs/lib/guava-11.0.2.jar:/opt/hadoop/2.6.0/share/hadoop/hdfs/lib/commons-io-2.4.jar:/opt/hadoop/2.6.0/share/hadoop/hdfs/lib/asm-3.2.jar:/opt/hadoop/2.6.0/share/hadoop/hdfs/lib/jsr305-1.3.9.jar:/opt/hadoop/2.6.0/share/hadoop/hdfs/lib/jsp-api-2.1.jar:/opt/hadoop/2.6.0/share/hadoop/hdfs/lib/commons-logging-1.1.3.jar:/opt/hadoop/2.6.0/share/hadoop/hdfs/lib/protobuf-java-2.5.0.jar:/opt/hadoop/2.6.0/share/hadoop/hdfs/lib/jersey-core-1.9.jar:/opt/hadoop/2.6.0/share/hadoop/hdfs/lib/xmlenc-0.52.jar:/opt/hadoop/2.6.0/share/hadoop/hdfs/lib/netty-3.6.2.Final.jar:/opt/hadoop/2.6.0/share/hadoop/hdfs/lib/htrace-core-3.0.4.jar:/opt/hadoop/2.6.0/share/hadoop/hdfs/lib/commons-codec-1.4.jar:/opt/hadoop/2.6.0/share/hadoop/hdfs/lib/commons-el-1.0.jar:/opt/hadoop/2.6.0/share/hadoop/hdfs/lib/xercesImpl-2.9.1.jar:/opt/hadoop/2.6.0/share/hadoop/hdfs/hadoop-hdfs-nfs-2.6.0.jar:/opt/hadoop/2.6.0/share/hadoop/hdfs/hadoop-hdfs-2.6.0-tests.jar:/opt/hadoop/2.6.0/share/hadoop/hdfs/hadoop-hdfs-2.6.0.jar:/opt/hadoop/2.6.0/share/hadoop/yarn/lib/jetty-util-6.1.26.jar:/opt/hadoop/2.6.0/share/hadoop/yarn/lib/commons-lang-2.6.jar:/opt/hadoop/2.6.0/share/hadoop/yarn/lib/jersey-guice-1.9.jar:/opt/hadoop/2.6.0/share/hadoop/yarn/lib/activation-1.1.jar:/opt/hadoop/2.6.0/share/hadoop/yarn/lib/guice-3.0.jar:/opt/hadoop/2.6.0/share/hadoop/yarn/lib/commons-cli-1.2.jar:/opt/hadoop/2.6.0/share/hadoop/yarn/lib/jaxb-api-2.2.2.jar:/opt/hadoop/2.6.0/share/hadoop/yarn/lib/commons-collections-3.2.1.jar:/opt/hadoop/2.6.0/share/hadoop/yarn/lib/jaxb-impl-2.2.3-1.jar:/opt/hadoop/2.6.0/share/hadoop/yarn/lib/stax-api-1.0-2.jar:/opt/hadoop/2.6.0/share/hadoop/yarn/lib/jackson-core-asl-1.9.13.jar:/opt/hadoop/2.6.0/share/hadoop/yarn/lib/jetty-6.1.26.jar:/opt/hadoop/2.6.0/share/hadoop/yarn/lib/jersey-server-1.9.jar:/opt/hadoop/2.6.0/share/hadoop/yarn/lib/jackson-jaxrs-1.9.13.jar:/opt/hadoop/2.6.0/share/hadoop/yarn/lib/servlet-api-2.5.jar:/opt/hadoop/2.6.0/share/hadoop/yarn/lib/jersey-client-1.9.jar:/opt/hadoop/2.6.0/share/hadoop/yarn/lib/commons-httpclient-3.1.jar:/opt/hadoop/2.6.0/share/hadoop/yarn/lib/leveldbjni-all-1.8.jar:/opt/hadoop/2.6.0/share/hadoop/yarn/lib/log4j-1.2.17.jar:/opt/hadoop/2.6.0/share/hadoop/yarn/lib/jackson-mapper-asl-1.9.13.jar:/opt/hadoop/2.6.0/share/hadoop/yarn/lib/commons-compress-1.4.1.jar:/opt/hadoop/2.6.0/share/hadoop/yarn/lib/guava-11.0.2.jar:/opt/hadoop/2.6.0/share/hadoop/yarn/lib/commons-io-2.4.jar:/opt/hadoop/2.6.0/share/hadoop/yarn/lib/aopalliance-1.0.jar:/opt/hadoop/2.6.0/share/hadoop/yarn/lib/asm-3.2.jar:/opt/hadoop/2.6.0/share/hadoop/yarn/lib/jsr305-1.3.9.jar:/opt/hadoop/2.6.0/share/hadoop/yarn/lib/javax.inject-1.jar:/opt/hadoop/2.6.0/share/hadoop/yarn/lib/jline-0.9.94.jar:/opt/hadoop/2.6.0/share/hadoop/yarn/lib/jettison-1.1.jar:/opt/hadoop/2.6.0/share/hadoop/yarn/lib/guice-servlet-3.0.jar:/opt/hadoop/2.6.0/share/hadoop/yarn/lib/jackson-xc-1.9.13.jar:/opt/hadoop/2.6.0/share/hadoop/yarn/lib/commons-logging-1.1.3.jar:/opt/hadoop/2.6.0/share/hadoop/yarn/lib/protobuf-java-2.5.0.jar:/opt/hadoop/2.6.0/share/hadoop/yarn/lib/jersey-core-1.9.jar:/opt/hadoop/2.6.0/share/hadoop/yarn/lib/xz-1.0.jar:/opt/hadoop/2.6.0/share/hadoop/yarn/lib/netty-3.6.2.Final.jar:/opt/hadoop/2.6.0/share/hadoop/yarn/lib/jersey-json-1.9.jar:/opt/hadoop/2.6.0/share/hadoop/yarn/lib/commons-codec-1.4.jar:/opt/hadoop/2.6.0/share/hadoop/yarn/lib/zookeeper-3.4.6.jar:/opt/hadoop/2.6.0/share/hadoop/yarn/hadoop-yarn-server-resourcemanager-2.6.0.jar:/opt/hadoop/2.6.0/share/hadoop/yarn/hadoop-yarn-api-2.6.0.jar:/opt/hadoop/2.6.0/share/hadoop/yarn/hadoop-yarn-applications-distributedshell-2.6.0.jar:/opt/hadoop/2.6.0/share/hadoop/yarn/hadoop-yarn-server-web-proxy-2.6.0.jar:/opt/hadoop/2.6.0/share/hadoop/yarn/hadoop-yarn-server-tests-2.6.0.jar:/opt/hadoop/2.6.0/share/hadoop/yarn/hadoop-yarn-server-common-2.6.0.jar:/opt/hadoop/2.6.0/share/hadoop/yarn/hadoop-yarn-common-2.6.0.jar:/opt/hadoop/2.6.0/share/hadoop/yarn/hadoop-yarn-client-2.6.0.jar:/opt/hadoop/2.6.0/share/hadoop/yarn/hadoop-yarn-server-nodemanager-2.6.0.jar:/opt/hadoop/2.6.0/share/hadoop/yarn/hadoop-yarn-registry-2.6.0.jar:/opt/hadoop/2.6.0/share/hadoop/yarn/hadoop-yarn-server-applicationhistoryservice-2.6.0.jar:/opt/hadoop/2.6.0/share/hadoop/yarn/hadoop-yarn-applications-unmanaged-am-launcher-2.6.0.jar:/opt/hadoop/2.6.0/share/hadoop/mapreduce/lib/jersey-guice-1.9.jar:/opt/hadoop/2.6.0/share/hadoop/mapreduce/lib/hamcrest-core-1.3.jar:/opt/hadoop/2.6.0/share/hadoop/mapreduce/lib/hadoop-annotations-2.6.0.jar:/opt/hadoop/2.6.0/share/hadoop/mapreduce/lib/junit-4.11.jar:/opt/hadoop/2.6.0/share/hadoop/mapreduce/lib/guice-3.0.jar:/opt/hadoop/2.6.0/share/hadoop/mapreduce/lib/jackson-core-asl-1.9.13.jar:/opt/hadoop/2.6.0/share/hadoop/mapreduce/lib/jersey-server-1.9.jar:/opt/hadoop/2.6.0/share/hadoop/mapreduce/lib/paranamer-2.3.jar:/opt/hadoop/2.6.0/share/hadoop/mapreduce/lib/leveldbjni-all-1.8.jar:/opt/hadoop/2.6.0/share/hadoop/mapreduce/lib/log4j-1.2.17.jar:/opt/hadoop/2.6.0/share/hadoop/mapreduce/lib/jackson-mapper-asl-1.9.13.jar:/opt/hadoop/2.6.0/share/hadoop/mapreduce/lib/commons-compress-1.4.1.jar:/opt/hadoop/2.6.0/share/hadoop/mapreduce/lib/commons-io-2.4.jar:/opt/hadoop/2.6.0/share/hadoop/mapreduce/lib/aopalliance-1.0.jar:/opt/hadoop/2.6.0/share/hadoop/mapreduce/lib/asm-3.2.jar:/opt/hadoop/2.6.0/share/hadoop/mapreduce/lib/javax.inject-1.jar:/opt/hadoop/2.6.0/share/hadoop/mapreduce/lib/guice-servlet-3.0.jar:/opt/hadoop/2.6.0/share/hadoop/mapreduce/lib/protobuf-java-2.5.0.jar:/opt/hadoop/2.6.0/share/hadoop/mapreduce/lib/jersey-core-1.9.jar:/opt/hadoop/2.6.0/share/hadoop/mapreduce/lib/xz-1.0.jar:/opt/hadoop/2.6.0/share/hadoop/mapreduce/lib/netty-3.6.2.Final.jar:/opt/hadoop/2.6.0/share/hadoop/mapreduce/lib/avro-1.7.4.jar:/opt/hadoop/2.6.0/share/hadoop/mapreduce/lib/snappy-java-1.0.4.1.jar:/opt/hadoop/2.6.0/share/hadoop/mapreduce/hadoop-mapreduce-client-shuffle-2.6.0.jar:/opt/hadoop/2.6.0/share/hadoop/mapreduce/hadoop-mapreduce-client-jobclient-2.6.0.jar:/opt/hadoop/2.6.0/share/hadoop/mapreduce/hadoop-mapreduce-client-hs-plugins-2.6.0.jar:/opt/hadoop/2.6.0/share/hadoop/mapreduce/hadoop-mapreduce-client-app-2.6.0.jar:/opt/hadoop/2.6.0/share/hadoop/mapreduce/hadoop-mapreduce-examples-2.6.0.jar:/opt/hadoop/2.6.0/share/hadoop/mapreduce/hadoop-mapreduce-client-common-2.6.0.jar:/opt/hadoop/2.6.0/share/hadoop/mapreduce/hadoop-mapreduce-client-jobclient-2.6.0-tests.jar:/opt/hadoop/2.6.0/share/hadoop/mapreduce/hadoop-mapreduce-client-core-2.6.0.jar:/opt/hadoop/2.6.0/share/hadoop/mapreduce/hadoop-mapreduce-client-hs-2.6.0.jar:/opt/hadoop/2.6.0/contrib/capacity-scheduler/*.jar
STARTUP_MSG:   build = https://git-wip-us.apache.org/repos/asf/hadoop.git -r e3496499ecb8d220fba99dc5ed4c99c8f9e33bb1; compiled by 'jenkins' on 2014-11-13T21:10Z
STARTUP_MSG:   java = 1.8.0_212
************************************************************/
20/03/03 21:00:29 INFO namenode.NameNode: registered UNIX signal handlers for [TERM, HUP, INT]
20/03/03 21:00:29 INFO namenode.NameNode: createNameNode [-format]
20/03/03 21:00:29 WARN common.Util: Path /scratch/sxv5264/31876421/namenode_data should be specified as a URI in configuration files. Please update hdfs configuration.
20/03/03 21:00:29 WARN common.Util: Path /scratch/sxv5264/31876421/namenode_data should be specified as a URI in configuration files. Please update hdfs configuration.
Formatting using clusterid: CID-4f9ef5d2-3934-49f9-b81b-e4dd8df523d9
20/03/03 21:00:30 INFO namenode.FSNamesystem: No KeyProvider found.
20/03/03 21:00:30 INFO namenode.FSNamesystem: fsLock is fair:true
20/03/03 21:00:30 INFO blockmanagement.DatanodeManager: dfs.block.invalidate.limit=1000
20/03/03 21:00:30 INFO blockmanagement.DatanodeManager: dfs.namenode.datanode.registration.ip-hostname-check=true
20/03/03 21:00:30 INFO blockmanagement.BlockManager: dfs.namenode.startup.delay.block.deletion.sec is set to 000:00:00:00.000
20/03/03 21:00:30 INFO blockmanagement.BlockManager: The block deletion will start around 2020 Mar 03 21:00:30
20/03/03 21:00:30 INFO util.GSet: Computing capacity for map BlocksMap
20/03/03 21:00:30 INFO util.GSet: VM type       = 64-bit
20/03/03 21:00:30 INFO util.GSet: 2.0% max memory 958.5 MB = 19.2 MB
20/03/03 21:00:30 INFO util.GSet: capacity      = 2^21 = 2097152 entries
20/03/03 21:00:30 INFO blockmanagement.BlockManager: dfs.block.access.token.enable=false
20/03/03 21:00:30 INFO blockmanagement.BlockManager: defaultReplication         = 3
20/03/03 21:00:30 INFO blockmanagement.BlockManager: maxReplication             = 512
20/03/03 21:00:30 INFO blockmanagement.BlockManager: minReplication             = 1
20/03/03 21:00:30 INFO blockmanagement.BlockManager: maxReplicationStreams      = 2
20/03/03 21:00:30 INFO blockmanagement.BlockManager: shouldCheckForEnoughRacks  = false
20/03/03 21:00:30 INFO blockmanagement.BlockManager: replicationRecheckInterval = 3000
20/03/03 21:00:30 INFO blockmanagement.BlockManager: encryptDataTransfer        = false
20/03/03 21:00:30 INFO blockmanagement.BlockManager: maxNumBlocksToLog          = 1000
20/03/03 21:00:30 INFO namenode.FSNamesystem: fsOwner             = sxv5264 (auth:SIMPLE)
20/03/03 21:00:30 INFO namenode.FSNamesystem: supergroup          = supergroup
20/03/03 21:00:30 INFO namenode.FSNamesystem: isPermissionEnabled = true
20/03/03 21:00:30 INFO namenode.FSNamesystem: HA Enabled: false
20/03/03 21:00:30 INFO namenode.FSNamesystem: Append Enabled: true
20/03/03 21:00:30 INFO util.GSet: Computing capacity for map INodeMap
20/03/03 21:00:30 INFO util.GSet: VM type       = 64-bit
20/03/03 21:00:30 INFO util.GSet: 1.0% max memory 958.5 MB = 9.6 MB
20/03/03 21:00:30 INFO util.GSet: capacity      = 2^20 = 1048576 entries
20/03/03 21:00:30 INFO namenode.NameNode: Caching file names occuring more than 10 times
20/03/03 21:00:30 INFO util.GSet: Computing capacity for map cachedBlocks
20/03/03 21:00:30 INFO util.GSet: VM type       = 64-bit
20/03/03 21:00:30 INFO util.GSet: 0.25% max memory 958.5 MB = 2.4 MB
20/03/03 21:00:30 INFO util.GSet: capacity      = 2^18 = 262144 entries
20/03/03 21:00:30 INFO namenode.FSNamesystem: dfs.namenode.safemode.threshold-pct = 0.9990000128746033
20/03/03 21:00:30 INFO namenode.FSNamesystem: dfs.namenode.safemode.min.datanodes = 0
20/03/03 21:00:30 INFO namenode.FSNamesystem: dfs.namenode.safemode.extension     = 30000
20/03/03 21:00:30 INFO namenode.FSNamesystem: Retry cache on namenode is enabled
20/03/03 21:00:30 INFO namenode.FSNamesystem: Retry cache will use 0.03 of total heap and retry cache entry expiry time is 600000 millis
20/03/03 21:00:30 INFO util.GSet: Computing capacity for map NameNodeRetryCache
20/03/03 21:00:30 INFO util.GSet: VM type       = 64-bit
20/03/03 21:00:30 INFO util.GSet: 0.029999999329447746% max memory 958.5 MB = 294.5 KB
20/03/03 21:00:30 INFO util.GSet: capacity      = 2^15 = 32768 entries
20/03/03 21:00:30 INFO namenode.NNConf: ACLs enabled? false
20/03/03 21:00:30 INFO namenode.NNConf: XAttrs enabled? true
20/03/03 21:00:30 INFO namenode.NNConf: Maximum size of an xattr: 16384
20/03/03 21:00:30 INFO namenode.FSImage: Allocated new BlockPoolId: BP-991839499-198.202.118.179-1583298030210
20/03/03 21:00:30 INFO common.Storage: Storage directory /scratch/sxv5264/31876421/namenode_data has been successfully formatted.
20/03/03 21:00:30 INFO namenode.NNStorageRetentionManager: Going to retain 1 images with txid >= 0
20/03/03 21:00:30 INFO util.ExitUtil: Exiting with status 0
20/03/03 21:00:30 INFO namenode.NameNode: SHUTDOWN_MSG:
/************************************************************
SHUTDOWN_MSG: Shutting down NameNode at comet-11-12.sdsc.edu/198.202.118.179
************************************************************/
Starting namenodes on [comet-11-12.ibnet]
comet-11-12.ibnet: starting namenode, logging to /scratch/sxv5264/31876421/logs/hadoop-sxv5264-namenode-comet-11-12.sdsc.edu.out
comet-11-12.ibnet: starting datanode, logging to /scratch/sxv5264/31876421/logs/hadoop-sxv5264-datanode-comet-11-12.sdsc.edu.out
comet-11-27.ibnet: starting datanode, logging to /scratch/sxv5264/31876421/logs/hadoop-sxv5264-datanode-comet-11-27.sdsc.edu.out
Starting secondary namenodes [comet-11-12.ibnet]
comet-11-12.ibnet: starting secondarynamenode, logging to /scratch/sxv5264/31876421/logs/hadoop-sxv5264-secondarynamenode-comet-11-12.sdsc.edu.out
starting yarn daemons
starting resourcemanager, logging to /scratch/sxv5264/31876421/logs/yarn-sxv5264-resourcemanager-comet-11-12.out
comet-11-12.ibnet: starting nodemanager, logging to /scratch/sxv5264/31876421/logs/yarn-sxv5264-nodemanager-comet-11-12.sdsc.edu.out
comet-11-27.ibnet: starting nodemanager, logging to /scratch/sxv5264/31876421/logs/yarn-sxv5264-nodemanager-comet-11-27.sdsc.edu.out
                                                                                                                                                                        %
20/03/03 20:55:57 INFO mapreduce.Job:  map 14% reduce 0%
20/03/03 20:56:00 INFO mapreduce.Job:  map 16% reduce 0%
20/03/03 20:56:03 INFO mapreduce.Job:  map 17% reduce 0%
20/03/03 20:56:07 INFO mapreduce.Job:  map 18% reduce 0%
20/03/03 20:56:22 INFO mapreduce.Job:  map 20% reduce 0%
20/03/03 20:56:25 INFO mapreduce.Job:  map 21% reduce 0%
20/03/03 20:56:28 INFO mapreduce.Job:  map 22% reduce 0%
20/03/03 20:56:31 INFO mapreduce.Job:  map 23% reduce 0%
20/03/03 20:56:34 INFO mapreduce.Job:  map 25% reduce 0%
20/03/03 20:56:37 INFO mapreduce.Job:  map 26% reduce 0%
20/03/03 20:56:52 INFO mapreduce.Job:  map 27% reduce 0%
20/03/03 20:56:55 INFO mapreduce.Job:  map 29% reduce 0%
20/03/03 20:56:58 INFO mapreduce.Job:  map 30% reduce 0%
20/03/03 20:57:01 INFO mapreduce.Job:  map 31% reduce 0%
20/03/03 20:57:04 INFO mapreduce.Job:  map 32% reduce 0%
20/03/03 20:57:07 INFO mapreduce.Job:  map 34% reduce 0%
20/03/03 20:57:23 INFO mapreduce.Job:  map 35% reduce 0%
20/03/03 20:57:26 INFO mapreduce.Job:  map 37% reduce 0%
20/03/03 20:57:29 INFO mapreduce.Job:  map 38% reduce 0%
20/03/03 20:57:32 INFO mapreduce.Job:  map 39% reduce 0%
20/03/03 20:57:35 INFO mapreduce.Job:  map 40% reduce 0%
20/03/03 20:57:41 INFO mapreduce.Job:  map 41% reduce 0%
20/03/03 20:57:48 INFO mapreduce.Job:  map 52% reduce 0%
20/03/03 20:57:56 INFO mapreduce.Job:  map 53% reduce 0%
20/03/03 20:57:58 INFO mapreduce.Job:  map 53% reduce 11%
20/03/03 20:58:02 INFO mapreduce.Job:  map 54% reduce 11%
20/03/03 20:58:08 INFO mapreduce.Job:  map 55% reduce 11%
20/03/03 20:58:23 INFO mapreduce.Job:  map 56% reduce 11%
20/03/03 20:58:29 INFO mapreduce.Job:  map 57% reduce 11%
20/03/03 20:58:36 INFO mapreduce.Job:  map 58% reduce 11%
20/03/03 20:58:42 INFO mapreduce.Job:  map 59% reduce 11%
20/03/03 20:59:00 INFO mapreduce.Job:  map 60% reduce 11%
20/03/03 20:59:03 INFO mapreduce.Job:  map 61% reduce 11%
20/03/03 20:59:09 INFO mapreduce.Job:  map 62% reduce 11%
20/03/03 20:59:24 INFO mapreduce.Job:  map 63% reduce 11%
20/03/03 20:59:33 INFO mapreduce.Job:  map 64% reduce 11%
20/03/03 20:59:36 INFO mapreduce.Job:  map 65% reduce 11%
20/03/03 20:59:42 INFO mapreduce.Job:  map 66% reduce 11%
20/03/03 21:00:00 INFO mapreduce.Job:  map 67% reduce 11%
20/03/03 21:00:06 INFO mapreduce.Job:  map 68% reduce 11%
20/03/03 21:00:12 INFO mapreduce.Job:  map 69% reduce 11%
20/03/03 21:00:18 INFO mapreduce.Job:  map 70% reduce 11%
20/03/03 21:00:33 INFO mapreduce.Job:  map 71% reduce 11%
20/03/03 21:00:40 INFO mapreduce.Job:  map 72% reduce 11%
20/03/03 21:00:46 INFO mapreduce.Job:  map 73% reduce 11%
20/03/03 21:00:56 INFO client.RMProxy: Connecting to ResourceManager at comet-11-12.ibnet/10.22.253.107:8032
20/03/03 21:00:56 WARN mapreduce.JobSubmitter: Hadoop command-line option parsing not performed. Implement the Tool interface and execute your application with ToolRunner to remedy this.
20/03/03 21:00:56 INFO input.FileInputFormat: Total input paths to process : 1
20/03/03 21:00:56 INFO mapreduce.JobSubmitter: number of splits:3
20/03/03 21:00:56 INFO mapreduce.JobSubmitter: Submitting tokens for job: job_1583298047947_0001
20/03/03 21:00:57 INFO impl.YarnClientImpl: Submitted application application_1583298047947_0001
20/03/03 21:00:57 INFO mapreduce.Job: The url to track the job: http://comet-11-12.ibnet:8088/proxy/application_1583298047947_0001/
20/03/03 21:00:57 INFO mapreduce.Job: Running job: job_1583298047947_0001
20/03/03 21:01:02 INFO mapreduce.Job: Job job_1583298047947_0001 running in uber mode : false
20/03/03 21:01:02 INFO mapreduce.Job:  map 0% reduce 0%
20/03/03 21:01:12 INFO mapreduce.Job:  map 2% reduce 0%
20/03/03 21:01:15 INFO mapreduce.Job:  map 4% reduce 0%
20/03/03 21:01:18 INFO mapreduce.Job:  map 5% reduce 0%
20/03/03 21:01:21 INFO mapreduce.Job:  map 6% reduce 0%
20/03/03 21:01:24 INFO mapreduce.Job:  map 8% reduce 0%
20/03/03 21:01:27 INFO mapreduce.Job:  map 9% reduce 0%
20/03/03 21:01:30 INFO mapreduce.Job:  map 10% reduce 0%
20/03/03 21:01:46 INFO mapreduce.Job:  map 12% reduce 0%
20/03/03 21:01:49 INFO mapreduce.Job:  map 13% reduce 0%
20/03/03 21:01:52 INFO mapreduce.Job:  map 14% reduce 0%
20/03/03 21:01:55 INFO mapreduce.Job:  map 15% reduce 0%
20/03/03 21:01:58 INFO mapreduce.Job:  map 17% reduce 0%
                                                                                                                                                                        20/03/03 21:02:04 INFO mapreduce.Job:  map 18% reduce 0%
20/03/03 21:02:22 INFO mapreduce.Job:  map 19% reduce 0%
20/03/03 21:02:25 INFO mapreduce.Job:  map 20% reduce 0%
20/03/03 21:02:28 INFO mapreduce.Job:  map 21% reduce 0%
20/03/03 21:02:34 INFO mapreduce.Job:  map 22% reduce 0%
20/03/03 21:02:37 INFO mapreduce.Job:  map 23% reduce 0%
20/03/03 21:02:40 INFO mapreduce.Job:  map 24% reduce 0%
20/03/03 21:02:46 INFO mapreduce.Job:  map 25% reduce 0%
20/03/03 21:02:53 INFO mapreduce.Job:  map 26% reduce 0%
20/03/03 21:03:14 INFO mapreduce.Job:  map 27% reduce 0%
20/03/03 21:03:17 INFO mapreduce.Job:  map 28% reduce 0%
20/03/03 21:03:23 INFO mapreduce.Job:  map 29% reduce 0%
20/03/03 21:03:26 INFO mapreduce.Job:  map 30% reduce 0%
20/03/03 21:03:32 INFO mapreduce.Job:  map 31% reduce 0%
20/03/03 21:03:35 INFO mapreduce.Job:  map 32% reduce 0%
20/03/03 21:03:41 INFO mapreduce.Job:  map 33% reduce 0%
20/03/03 21:03:47 INFO mapreduce.Job:  map 34% reduce 0%
20/03/03 21:04:09 INFO mapreduce.Job:  map 35% reduce 0%
20/03/03 21:04:15 INFO mapreduce.Job:  map 36% reduce 0%
20/03/03 21:04:18 INFO mapreduce.Job:  map 37% reduce 0%
20/03/03 21:04:24 INFO mapreduce.Job:  map 38% reduce 0%
20/03/03 21:04:27 INFO mapreduce.Job:  map 39% reduce 0%
20/03/03 21:04:30 INFO mapreduce.Job:  map 40% reduce 0%
20/03/03 21:04:45 INFO mapreduce.Job:  map 41% reduce 0%
20/03/03 21:04:57 INFO mapreduce.Job:  map 52% reduce 0%
20/03/03 21:05:10 INFO mapreduce.Job:  map 52% reduce 11%
20/03/03 21:05:13 INFO mapreduce.Job:  map 53% reduce 11%
20/03/03 21:05:25 INFO mapreduce.Job:  map 54% reduce 11%
20/03/03 21:05:35 INFO mapreduce.Job:  map 55% reduce 11%
20/03/03 21:06:09 INFO mapreduce.Job:  map 56% reduce 11%
20/03/03 21:06:21 INFO mapreduce.Job:  map 57% reduce 11%
20/03/03 21:06:33 INFO mapreduce.Job:  map 58% reduce 11%
20/03/03 21:06:45 INFO mapreduce.Job:  map 59% reduce 11%
20/03/03 21:07:19 INFO mapreduce.Job:  map 60% reduce 11%
20/03/03 21:07:29 INFO mapreduce.Job:  map 61% reduce 11%
20/03/03 21:07:43 INFO mapreduce.Job:  map 62% reduce 11%
20/03/03 21:08:14 INFO mapreduce.Job:  map 63% reduce 11%
20/03/03 21:08:26 INFO mapreduce.Job:  map 64% reduce 11%
20/03/03 21:08:38 INFO mapreduce.Job:  map 65% reduce 11%
20/03/03 21:08:48 INFO mapreduce.Job:  map 66% reduce 11%
20/03/03 21:09:24 INFO mapreduce.Job:  map 67% reduce 11%
20/03/03 21:09:36 INFO mapreduce.Job:  map 68% reduce 11%
20/03/03 21:09:45 INFO mapreduce.Job:  map 69% reduce 11%
20/03/03 21:10:01 INFO mapreduce.Job:  map 70% reduce 11%
20/03/03 21:10:19 INFO mapreduce.Job:  map 71% reduce 11%
20/03/03 21:10:25 INFO mapreduce.Job:  map 72% reduce 11%
20/03/03 21:10:37 INFO mapreduce.Job:  map 73% reduce 11%
20/03/03 21:10:49 INFO mapreduce.Job:  map 74% reduce 11%
20/03/03 21:10:58 INFO mapreduce.Job:  map 75% reduce 11%
20/03/03 21:11:20 INFO mapreduce.Job:  map 76% reduce 11%
20/03/03 21:11:27 INFO mapreduce.Job:  map 87% reduce 11%
20/03/03 21:11:29 INFO mapreduce.Job:  map 87% reduce 22%
20/03/03 21:11:32 INFO mapreduce.Job:  map 88% reduce 22%
20/03/03 21:12:18 INFO mapreduce.Job:  map 89% reduce 22%
20/03/03 21:12:39 INFO mapreduce.Job:  map 97% reduce 22%
20/03/03 21:12:40 INFO mapreduce.Job:  map 100% reduce 100%
20/03/03 21:12:41 INFO mapreduce.Job: Job job_1583298047947_0001 completed successfully
20/03/03 21:12:41 INFO mapreduce.Job: Counters: 50
        File System Counters
                FILE: Number of bytes read=451788
                FILE: Number of bytes written=908271
                FILE: Number of read operations=0
                FILE: Number of large read operations=0
                FILE: Number of write operations=0
                HDFS: Number of bytes read=321333367
                HDFS: Number of bytes written=9654
                HDFS: Number of read operations=12
                HDFS: Number of large read operations=0
                HDFS: Number of write operations=2
        Job Counters
                Killed map tasks=2
                Launched map tasks=5
                Launched reduce tasks=1
                Data-local map tasks=5
                Total time spent by all maps in occupied slots (ms)=2384153
                Total time spent by all reduces in occupied slots (ms)=460115
                Total time spent by all map tasks (ms)=2384153
                Total time spent by all reduce tasks (ms)=460115
                Total vcore-seconds taken by all map tasks=2384153
                Total vcore-seconds taken by all reduce tasks=460115
                Total megabyte-seconds taken by all map tasks=2441372672
                Total megabyte-seconds taken by all reduce tasks=471157760
        Map-Reduce Framework
                Map input records=30000000
                Map output records=90000000
                Map output bytes=1080000000
                Map output materialized bytes=32274
                Input split bytes=375
                Combine input records=90023808
                Combine output records=26112
                Reduce input groups=768
                Reduce shuffle bytes=32274
                Reduce input records=2304
                Reduce output records=768
                Spilled Records=34560
                Shuffled Maps =3
                Failed Shuffles=0
                Merged Map outputs=3
                GC time elapsed (ms)=34781
                CPU time spent (ms)=1208770
                Physical memory (bytes) snapshot=1086590976
                Virtual memory (bytes) snapshot=8843345920
                Total committed heap usage (bytes)=746586112
        Shuffle Errors
                BAD_ID=0
                CONNECTION=0
                IO_ERROR=0
                WRONG_LENGTH=0
                WRONG_MAP=0
                WRONG_REDUCE=0
        File Input Format Counters
                Bytes Read=321332992
        File Output Format Counters
                Bytes Written=9654
20/03/03 21:12:41 INFO client.RMProxy: Connecting to ResourceManager at comet-11-12.ibnet/10.22.253.107:8032
Exception in thread "main" org.apache.hadoop.mapred.FileAlreadyExistsException: Output directory hdfs://comet-11-12.ibnet:54310/user/sxv5264/output2 already exists
        at org.apache.hadoop.mapreduce.lib.output.FileOutputFormat.checkOutputSpecs(FileOutputFormat.java:146)
        at org.apache.hadoop.mapreduce.JobSubmitter.checkSpecs(JobSubmitter.java:562)
        at org.apache.hadoop.mapreduce.JobSubmitter.submitJobInternal(JobSubmitter.java:432)
        at org.apache.hadoop.mapreduce.Job$10.run(Job.java:1296)
        at org.apache.hadoop.mapreduce.Job$10.run(Job.java:1293)
        at java.security.AccessController.doPrivileged(Native Method)
        at javax.security.auth.Subject.doAs(Subject.java:422)
        at org.apache.hadoop.security.UserGroupInformation.doAs(UserGroupInformation.java:1628)
        at org.apache.hadoop.mapreduce.Job.submit(Job.java:1293)
        at org.apache.hadoop.mapreduce.Job.waitForCompletion(Job.java:1314)
        at Histogram.main(Histogram.java:170)
        at sun.reflect.NativeMethodAccessorImpl.invoke0(Native Method)
        at sun.reflect.NativeMethodAccessorImpl.invoke(NativeMethodAccessorImpl.java:62)
        at sun.reflect.DelegatingMethodAccessorImpl.invoke(DelegatingMethodAccessorImpl.java:43)
        at java.lang.reflect.Method.invoke(Method.java:498)
        at org.apache.hadoop.util.RunJar.run(RunJar.java:221)
        at org.apache.hadoop.util.RunJar.main(RunJar.java:136)
stopping yarn daemons
stopping resourcemanager
20/03/03 21:12:53 INFO ipc.Client: Retrying connect to server: comet-11-12.ibnet/10.22.253.107:8032. Already tried 0 time(s); retry policy is RetryUpToMaximumCountWithFixedSleep(maxRetries=10, sleepTime=1000 MILLISECONDS)
20/03/03 21:12:54 INFO ipc.Client: Retrying connect to server: comet-11-12.ibnet/10.22.253.107:8032. Already tried 1 time(s); retry policy is RetryUpToMaximumCountWithFixedSleep(maxRetries=10, sleepTime=1000 MILLISECONDS)
20/03/03 21:12:55 INFO ipc.Client: Retrying connect to server: comet-11-12.ibnet/10.22.253.107:8032. Already tried 2 time(s); retry policy is RetryUpToMaximumCountWithFixedSleep(maxRetries=10, sleepTime=1000 MILLISECONDS)
20/03/03 21:12:56 INFO ipc.Client: Retrying connect to server: comet-11-12.ibnet/10.22.253.107:8032. Already tried 3 time(s); retry policy is RetryUpToMaximumCountWithFixedSleep(maxRetries=10, sleepTime=1000 MILLISECONDS)
20/03/03 21:12:57 INFO ipc.Client: Retrying connect to server: comet-11-12.ibnet/10.22.253.107:8032. Already tried 4 time(s); retry policy is RetryUpToMaximumCountWithFixedSleep(maxRetries=10, sleepTime=1000 MILLISECONDS)
20/03/03 21:12:58 INFO ipc.Client: Retrying connect to server: comet-11-12.ibnet/10.22.253.107:8032. Already tried 5 time(s); retry policy is RetryUpToMaximumCountWithFixedSleep(maxRetries=10, sleepTime=1000 MILLISECONDS)
20/03/03 21:12:59 INFO ipc.Client: Retrying connect to server: comet-11-12.ibnet/10.22.253.107:8032. Already tried 6 time(s); retry policy is RetryUpToMaximumCountWithFixedSleep(maxRetries=10, sleepTime=1000 MILLISECONDS)
20/03/03 21:13:00 INFO ipc.Client: Retrying connect to server: comet-11-12.ibnet/10.22.253.107:8032. Already tried 7 time(s); retry policy is RetryUpToMaximumCountWithFixedSleep(maxRetries=10, sleepTime=1000 MILLISECONDS)
20/03/03 21:13:01 INFO ipc.Client: Retrying connect to server: comet-11-12.ibnet/10.22.253.107:8032. Already tried 8 time(s); retry policy is RetryUpToMaximumCountWithFixedSleep(maxRetries=10, sleepTime=1000 MILLISECONDS)
20/03/03 21:13:02 INFO ipc.Client: Retrying connect to server: comet-11-12.ibnet/10.22.253.107:8032. Already tried 9 time(s); retry policy is RetryUpToMaximumCountWithFixedSleep(maxRetries=10, sleepTime=1000 MILLISECONDS)
er_1583298047947_0001_01_000002/stdout’
‘/scratch/sxv5264/31876421/logs/userlogs/application_1583298047947_0001/container_1583298047947_0001_01_000005’ -> ‘/home/sxv5264/cometcluster/logs/userlogs/application_1583298047947_0001/container_1583298047947_0001_01_000005’
‘/scratch/sxv5264/31876421/logs/userlogs/application_1583298047947_0001/container_1583298047947_0001_01_000005/stderr’ -> ‘/home/sxv5264/cometcluster/logs/userlogs/application_1583298047947_0001/container_1583298047947_0001_01_000005/stderr’
‘/scratch/sxv5264/31876421/logs/userlogs/application_1583298047947_0001/container_1583298047947_0001_01_000005/syslog’ -> ‘/home/sxv5264/cometcluster/logs/userlogs/application_1583298047947_0001/container_1583298047947_0001_01_000005/syslog’
‘/scratch/sxv5264/31876421/logs/userlogs/application_1583298047947_0001/container_1583298047947_0001_01_000005/stdout’ -> ‘/home/sxv5264/cometcluster/logs/userlogs/application_1583298047947_0001/container_1583298047947_0001_01_000005/stdout’
‘/scratch/sxv5264/31876421/logs/userlogs/application_1583298047947_0001/container_1583298047947_0001_01_000007’ -> ‘/home/sxv5264/cometcluster/logs/userlogs/application_1583298047947_0001/container_1583298047947_0001_01_000007’
‘/scratch/sxv5264/31876421/logs/userlogs/application_1583298047947_0001/container_1583298047947_0001_01_000007/stdout’ -> ‘/home/sxv5264/cometcluster/logs/userlogs/application_1583298047947_0001/container_1583298047947_0001_01_000007/stdout’
‘/scratch/sxv5264/31876421/logs/userlogs/application_1583298047947_0001/container_1583298047947_0001_01_000007/syslog’ -> ‘/home/sxv5264/cometcluster/logs/userlogs/application_1583298047947_0001/container_1583298047947_0001_01_000007/syslog’
‘/scratch/sxv5264/31876421/logs/userlogs/application_1583298047947_0001/container_1583298047947_0001_01_000007/stderr’ -> ‘/home/sxv5264/cometcluster/logs/userlogs/application_1583298047947_0001/container_1583298047947_0001_01_000007/stderr’
‘/scratch/sxv5264/31876421/logs/userlogs/application_1583298047947_0001/container_1583298047947_0001_01_000004’ -> ‘/home/sxv5264/cometcluster/logs/userlogs/application_1583298047947_0001/container_1583298047947_0001_01_000004’
‘/scratch/sxv5264/31876421/logs/userlogs/application_1583298047947_0001/container_1583298047947_0001_01_000004/stderr’ -> ‘/home/sxv5264/cometcluster/logs/userlogs/application_1583298047947_0001/container_1583298047947_0001_01_000004/stderr’
‘/scratch/sxv5264/31876421/logs/userlogs/application_1583298047947_0001/container_1583298047947_0001_01_000004/stdout’ -> ‘/home/sxv5264/cometcluster/logs/userlogs/application_1583298047947_0001/container_1583298047947_0001_01_000004/stdout’
‘/scratch/sxv5264/31876421/logs/userlogs/application_1583298047947_0001/container_1583298047947_0001_01_000004/syslog’ -> ‘/home/sxv5264/cometcluster/logs/userlogs/application_1583298047947_0001/container_1583298047947_0001_01_000004/syslog’
‘/scratch/sxv5264/31876421/logs/userlogs/application_1583298047947_0001/container_1583298047947_0001_01_000003’ -> ‘/home/sxv5264/cometcluster/logs/userlogs/application_1583298047947_0001/container_1583298047947_0001_01_000003’
‘/scratch/sxv5264/31876421/logs/userlogs/application_1583298047947_0001/container_1583298047947_0001_01_000003/stderr’ -> ‘/home/sxv5264/cometcluster/logs/userlogs/application_1583298047947_0001/container_1583298047947_0001_01_000003/stderr’
‘/scratch/sxv5264/31876421/logs/userlogs/application_1583298047947_0001/container_1583298047947_0001_01_000003/stdout’ -> ‘/home/sxv5264/cometcluster/logs/userlogs/application_1583298047947_0001/container_1583298047947_0001_01_000003/stdout’
‘/scratch/sxv5264/31876421/logs/userlogs/application_1583298047947_0001/container_1583298047947_0001_01_000003/syslog’ -> ‘/home/sxv5264/cometcluster/logs/userlogs/application_1583298047947_0001/container_1583298047947_0001_01_000003/syslog’
‘/scratch/sxv5264/31876421/logs/userlogs/application_1583298047947_0002’ -> ‘/home/sxv5264/cometcluster/logs/userlogs/application_1583298047947_0002’
‘/scratch/sxv5264/31876421/logs/userlogs/application_1583298047947_0002/container_1583298047947_0002_01_000004’ -> ‘/home/sxv5264/cometcluster/logs/userlogs/application_1583298047947_0002/container_1583298047947_0002_01_000004’
‘/scratch/sxv5264/31876421/logs/userlogs/application_1583298047947_0002/container_1583298047947_0002_01_000004/stdout’ -> ‘/home/sxv5264/cometcluster/logs/userlogs/application_1583298047947_0002/container_1583298047947_0002_01_000004/stdout’
‘/scratch/sxv5264/31876421/logs/userlogs/application_1583298047947_0002/container_1583298047947_0002_01_000004/syslog’ -> ‘/home/sxv5264/cometcluster/logs/userlogs/application_1583298047947_0002/container_1583298047947_0002_01_000004/syslog’
‘/scratch/sxv5264/31876421/logs/userlogs/application_1583298047947_0002/container_1583298047947_0002_01_000004/stderr’ -> ‘/home/sxv5264/cometcluster/logs/userlogs/application_1583298047947_0002/container_1583298047947_0002_01_000004/stderr’
‘/scratch/sxv5264/31876421/logs/userlogs/application_1583298047947_0002/container_1583298047947_0002_01_000003’ -> ‘/home/sxv5264/cometcluster/logs/userlogs/application_1583298047947_0002/container_1583298047947_0002_01_000003’
‘/scratch/sxv5264/31876421/logs/userlogs/application_1583298047947_0002/container_1583298047947_0002_01_000003/stdout’ -> ‘/home/sxv5264/cometcluster/logs/userlogs/application_1583298047947_0002/container_1583298047947_0002_01_000003/stdout’
‘/scratch/sxv5264/31876421/logs/userlogs/application_1583298047947_0002/container_1583298047947_0002_01_000003/syslog’ -> ‘/home/sxv5264/cometcluster/logs/userlogs/application_1583298047947_0002/container_1583298047947_0002_01_000003/syslog’
‘/scratch/sxv5264/31876421/logs/userlogs/application_1583298047947_0002/container_1583298047947_0002_01_000003/stderr’ -> ‘/home/sxv5264/cometcluster/logs/userlogs/application_1583298047947_0002/container_1583298047947_0002_01_000003/stderr’
‘/scratch/sxv5264/31876421/logs/userlogs/application_1583298047947_0002/container_1583298047947_0002_01_000002’ -> ‘/home/sxv5264/cometcluster/logs/userlogs/application_1583298047947_0002/container_1583298047947_0002_01_000002’
‘/scratch/sxv5264/31876421/logs/userlogs/application_1583298047947_0002/container_1583298047947_0002_01_000002/stdout’ -> ‘/home/sxv5264/cometcluster/logs/userlogs/application_1583298047947_0002/container_1583298047947_0002_01_000002/stdout’
‘/scratch/sxv5264/31876421/logs/userlogs/application_1583298047947_0002/container_1583298047947_0002_01_000002/syslog’ -> ‘/home/sxv5264/cometcluster/logs/userlogs/application_1583298047947_0002/container_1583298047947_0002_01_000002/syslog’
‘/scratch/sxv5264/31876421/logs/userlogs/application_1583298047947_0002/container_1583298047947_0002_01_000002/stderr’ -> ‘/home/sxv5264/cometcluster/logs/userlogs/application_1583298047947_0002/container_1583298047947_0002_01_000002/stderr’
‘/scratch/sxv5264/31876421/logs/hadoop-sxv5264-secondarynamenode-comet-11-12.sdsc.edu.log’ -> ‘/home/sxv5264/cometcluster/logs/hadoop-sxv5264-secondarynamenode-comet-11-12.sdsc.edu.log’
‘/scratch/sxv5264/31876421/logs/hadoop-sxv5264-namenode-comet-11-12.sdsc.edu.log’ -> ‘/home/sxv5264/cometcluster/logs/hadoop-sxv5264-namenode-comet-11-12.sdsc.edu.log’
‘/scratch/sxv5264/31876421/logs/yarn-sxv5264-nodemanager-comet-11-12.sdsc.edu.log’ -> ‘/home/sxv5264/cometcluster/logs/yarn-sxv5264-nodemanager-comet-11-12.sdsc.edu.log’
‘/scratch/sxv5264/31876421/logs/hadoop-sxv5264-secondarynamenode-comet-11-12.sdsc.edu.out’ -> ‘/home/sxv5264/cometcluster/logs/hadoop-sxv5264-secondarynamenode-comet-11-12.sdsc.edu.out’
‘/scratch/sxv5264/31876421/logs/hadoop-sxv5264-namenode-comet-11-12.sdsc.edu.out’ -> ‘/home/sxv5264/cometcluster/logs/hadoop-sxv5264-namenode-comet-11-12.sdsc.edu.out’
‘/scratch/sxv5264/31876421/logs/yarn-sxv5264-nodemanager-comet-11-12.sdsc.edu.out’ -> ‘/home/sxv5264/cometcluster/logs/yarn-sxv5264-nodemanager-comet-11-12.sdsc.edu.out’
‘/scratch/sxv5264/31876421/logs/hadoop-sxv5264-datanode-comet-11-12.sdsc.edu.out’ -> ‘/home/sxv5264/cometcluster/logs/hadoop-sxv5264-datanode-comet-11-12.sdsc.edu.out’
‘/scratch/sxv5264/31876421/logs/yarn-sxv5264-resourcemanager-comet-11-12.out’ -> ‘/home/sxv5264/cometcluster/logs/yarn-sxv5264-resourcemanager-comet-11-12.out’
‘/scratch/sxv5264/31876421/logs/SecurityAuth-sxv5264.audit’ -> ‘/home/sxv5264/cometcluster/logs/SecurityAuth-sxv5264.audit’
removed directory: ‘/scratch/sxv5264/31876421/mapred_scratch/usercache/sxv5264/filecache’
removed directory: ‘/scratch/sxv5264/31876421/mapred_scratch/usercache/sxv5264/appcache’
removed directory: ‘/scratch/sxv5264/31876421/mapred_scratch/usercache/sxv5264’
removed directory: ‘/scratch/sxv5264/31876421/mapred_scratch/usercache’
removed directory: ‘/scratch/sxv5264/31876421/mapred_scratch/nmPrivate’
removed directory: ‘/scratch/sxv5264/31876421/mapred_scratch/filecache’
removed directory: ‘/scratch/sxv5264/31876421/mapred_scratch’
removed ‘/scratch/sxv5264/31876421/tmp/dfs/namesecondary/current/fsimage_0000000000000000063’
removed ‘/scratch/sxv5264/31876421/tmp/dfs/namesecondary/current/fsimage_0000000000000000000’
removed ‘/scratch/sxv5264/31876421/tmp/dfs/namesecondary/current/VERSION’
removed ‘/scratch/sxv5264/31876421/tmp/dfs/namesecondary/current/fsimage_0000000000000000000.md5’
removed ‘/scratch/sxv5264/31876421/tmp/dfs/namesecondary/current/fsimage_0000000000000000063.md5’
removed ‘/scratch/sxv5264/31876421/tmp/dfs/namesecondary/current/edits_0000000000000000001-0000000000000000063’
removed directory: ‘/scratch/sxv5264/31876421/tmp/dfs/namesecondary/current’
removed directory: ‘/scratch/sxv5264/31876421/tmp/dfs/namesecondary’
removed directory: ‘/scratch/sxv5264/31876421/tmp/dfs’
removed directory: ‘/scratch/sxv5264/31876421/tmp’
removed ‘/scratch/sxv5264/31876421/namenode_data/current/fsimage_0000000000000000000.md5’
removed ‘/scratch/sxv5264/31876421/namenode_data/current/seen_txid’
removed ‘/scratch/sxv5264/31876421/namenode_data/current/edits_0000000000000000001-0000000000000000063’
removed ‘/scratch/sxv5264/31876421/namenode_data/current/fsimage_0000000000000000063.md5’
removed ‘/scratch/sxv5264/31876421/namenode_data/current/edits_inprogress_0000000000000000064’
removed ‘/scratch/sxv5264/31876421/namenode_data/current/VERSION’
removed ‘/scratch/sxv5264/31876421/namenode_data/current/fsimage_0000000000000000063’
removed ‘/scratch/sxv5264/31876421/namenode_data/current/fsimage_0000000000000000000’
removed directory: ‘/scratch/sxv5264/31876421/namenode_data/current’
removed directory: ‘/scratch/sxv5264/31876421/namenode_data’
removed directory: ‘/scratch/sxv5264/31876421/hdfs_data/current/BP-991839499-198.202.118.179-1583298030210/tmp’
removed ‘/scratch/sxv5264/31876421/hdfs_data/current/BP-991839499-198.202.118.179-1583298030210/dncp_block_verification.log.prev’
removed ‘/scratch/sxv5264/31876421/hdfs_data/current/BP-991839499-198.202.118.179-1583298030210/current/finalized/subdir0/subdir0/blk_1073741836_1012.meta’
removed ‘/scratch/sxv5264/31876421/hdfs_data/current/BP-991839499-198.202.118.179-1583298030210/current/finalized/subdir0/subdir0/blk_1073741842’
removed ‘/scratch/sxv5264/31876421/hdfs_data/current/BP-991839499-198.202.118.179-1583298030210/current/finalized/subdir0/subdir0/blk_1073741835’
removed ‘/scratch/sxv5264/31876421/hdfs_data/current/BP-991839499-198.202.118.179-1583298030210/current/finalized/subdir0/subdir0/blk_1073741840_1016.meta’
removed ‘/scratch/sxv5264/31876421/hdfs_data/current/BP-991839499-198.202.118.179-1583298030210/current/finalized/subdir0/subdir0/blk_1073741826’
removed ‘/scratch/sxv5264/31876421/hdfs_data/current/BP-991839499-198.202.118.179-1583298030210/current/finalized/subdir0/subdir0/blk_1073741837_1013.meta’
removed ‘/scratch/sxv5264/31876421/hdfs_data/current/BP-991839499-198.202.118.179-1583298030210/current/finalized/subdir0/subdir0/blk_1073741825_1001.meta’
removed ‘/scratch/sxv5264/31876421/hdfs_data/current/BP-991839499-198.202.118.179-1583298030210/current/finalized/subdir0/subdir0/blk_1073741841_1017.meta’
removed ‘/scratch/sxv5264/31876421/hdfs_data/current/BP-991839499-198.202.118.179-1583298030210/current/finalized/subdir0/subdir0/blk_1073741836’
removed ‘/scratch/sxv5264/31876421/hdfs_data/current/BP-991839499-198.202.118.179-1583298030210/current/finalized/subdir0/subdir0/blk_1073741841’
removed ‘/scratch/sxv5264/31876421/hdfs_data/current/BP-991839499-198.202.118.179-1583298030210/current/finalized/subdir0/subdir0/blk_1073741825’
removed ‘/scratch/sxv5264/31876421/hdfs_data/current/BP-991839499-198.202.118.179-1583298030210/current/finalized/subdir0/subdir0/blk_1073741827_1003.meta’
removed ‘/scratch/sxv5264/31876421/hdfs_data/current/BP-991839499-198.202.118.179-1583298030210/current/finalized/subdir0/subdir0/blk_1073741827’
removed ‘/scratch/sxv5264/31876421/hdfs_data/current/BP-991839499-198.202.118.179-1583298030210/current/finalized/subdir0/subdir0/blk_1073741834’
removed ‘/scratch/sxv5264/31876421/hdfs_data/current/BP-991839499-198.202.118.179-1583298030210/current/finalized/subdir0/subdir0/blk_1073741843’
removed ‘/scratch/sxv5264/31876421/hdfs_data/current/BP-991839499-198.202.118.179-1583298030210/current/finalized/subdir0/subdir0/blk_1073741835_1011.meta’
removed ‘/scratch/sxv5264/31876421/hdfs_data/current/BP-991839499-198.202.118.179-1583298030210/current/finalized/subdir0/subdir0/blk_1073741833_1009.meta’
removed ‘/scratch/sxv5264/31876421/hdfs_data/current/BP-991839499-198.202.118.179-1583298030210/current/finalized/subdir0/subdir0/blk_1073741839’
removed ‘/scratch/sxv5264/31876421/hdfs_data/current/BP-991839499-198.202.118.179-1583298030210/current/finalized/subdir0/subdir0/blk_1073741833’
removed ‘/scratch/sxv5264/31876421/hdfs_data/current/BP-991839499-198.202.118.179-1583298030210/current/finalized/subdir0/subdir0/blk_1073741843_1019.meta’
removed ‘/scratch/sxv5264/31876421/hdfs_data/current/BP-991839499-198.202.118.179-1583298030210/current/finalized/subdir0/subdir0/blk_1073741842_1018.meta’
removed ‘/scratch/sxv5264/31876421/hdfs_data/current/BP-991839499-198.202.118.179-1583298030210/current/finalized/subdir0/subdir0/blk_1073741840’
removed ‘/scratch/sxv5264/31876421/hdfs_data/current/BP-991839499-198.202.118.179-1583298030210/current/finalized/subdir0/subdir0/blk_1073741837’
removed ‘/scratch/sxv5264/31876421/hdfs_data/current/BP-991839499-198.202.118.179-1583298030210/current/finalized/subdir0/subdir0/blk_1073741839_1015.meta’
removed ‘/scratch/sxv5264/31876421/hdfs_data/current/BP-991839499-198.202.118.179-1583298030210/current/finalized/subdir0/subdir0/blk_1073741826_1002.meta’
removed ‘/scratch/sxv5264/31876421/hdfs_data/current/BP-991839499-198.202.118.179-1583298030210/current/finalized/subdir0/subdir0/blk_1073741834_1010.meta’
removed directory: ‘/scratch/sxv5264/31876421/hdfs_data/current/BP-991839499-198.202.118.179-1583298030210/current/finalized/subdir0/subdir0’
removed directory: ‘/scratch/sxv5264/31876421/hdfs_data/current/BP-991839499-198.202.118.179-1583298030210/current/finalized/subdir0’
removed directory: ‘/scratch/sxv5264/31876421/hdfs_data/current/BP-991839499-198.202.118.179-1583298030210/current/finalized’
removed directory: ‘/scratch/sxv5264/31876421/hdfs_data/current/BP-991839499-198.202.118.179-1583298030210/current/rbw’
removed ‘/scratch/sxv5264/31876421/hdfs_data/current/BP-991839499-198.202.118.179-1583298030210/current/VERSION’
removed ‘/scratch/sxv5264/31876421/hdfs_data/current/BP-991839499-198.202.118.179-1583298030210/current/dfsUsed’
removed directory: ‘/scratch/sxv5264/31876421/hdfs_data/current/BP-991839499-198.202.118.179-1583298030210/current’
removed ‘/scratch/sxv5264/31876421/hdfs_data/current/BP-991839499-198.202.118.179-1583298030210/dncp_block_verification.log.curr’
removed directory: ‘/scratch/sxv5264/31876421/hdfs_data/current/BP-991839499-198.202.118.179-1583298030210’
removed ‘/scratch/sxv5264/31876421/hdfs_data/current/VERSION’
removed directory: ‘/scratch/sxv5264/31876421/hdfs_data/current’
removed directory: ‘/scratch/sxv5264/31876421/hdfs_data’
removed directory: ‘/scratch/sxv5264/31876421/pids’
removed ‘/scratch/sxv5264/31876421/logs/yarn-sxv5264-resourcemanager-comet-11-12.log’
removed ‘/scratch/sxv5264/31876421/logs/hadoop-sxv5264-datanode-comet-11-12.sdsc.edu.log’
removed ‘/scratch/sxv5264/31876421/logs/userlogs/application_1583298047947_0001/container_1583298047947_0001_01_000002/stderr’
removed ‘/scratch/sxv5264/31876421/logs/userlogs/application_1583298047947_0001/container_1583298047947_0001_01_000002/syslog’
removed ‘/scratch/sxv5264/31876421/logs/userlogs/application_1583298047947_0001/container_1583298047947_0001_01_000002/stdout’
removed directory: ‘/scratch/sxv5264/31876421/logs/userlogs/application_1583298047947_0001/container_1583298047947_0001_01_000002’
removed ‘/scratch/sxv5264/31876421/logs/userlogs/application_1583298047947_0001/container_1583298047947_0001_01_000005/stderr’
removed ‘/scratch/sxv5264/31876421/logs/userlogs/application_1583298047947_0001/container_1583298047947_0001_01_000005/syslog’
removed ‘/scratch/sxv5264/31876421/logs/userlogs/application_1583298047947_0001/container_1583298047947_0001_01_000005/stdout’
removed directory: ‘/scratch/sxv5264/31876421/logs/userlogs/application_1583298047947_0001/container_1583298047947_0001_01_000005’
removed ‘/scratch/sxv5264/31876421/logs/userlogs/application_1583298047947_0001/container_1583298047947_0001_01_000007/stdout’
removed ‘/scratch/sxv5264/31876421/logs/userlogs/application_1583298047947_0001/container_1583298047947_0001_01_000007/syslog’
removed ‘/scratch/sxv5264/31876421/logs/userlogs/application_1583298047947_0001/container_1583298047947_0001_01_000007/stderr’
removed directory: ‘/scratch/sxv5264/31876421/logs/userlogs/application_1583298047947_0001/container_1583298047947_0001_01_000007’
removed ‘/scratch/sxv5264/31876421/logs/userlogs/application_1583298047947_0001/container_1583298047947_0001_01_000004/stderr’
removed ‘/scratch/sxv5264/31876421/logs/userlogs/application_1583298047947_0001/container_1583298047947_0001_01_000004/stdout’
removed ‘/scratch/sxv5264/31876421/logs/userlogs/application_1583298047947_0001/container_1583298047947_0001_01_000004/syslog’
removed directory: ‘/scratch/sxv5264/31876421/logs/userlogs/application_1583298047947_0001/container_1583298047947_0001_01_000004’
removed ‘/scratch/sxv5264/31876421/logs/userlogs/application_1583298047947_0001/container_1583298047947_0001_01_000003/stderr’
removed ‘/scratch/sxv5264/31876421/logs/userlogs/application_1583298047947_0001/container_1583298047947_0001_01_000003/stdout’
removed ‘/scratch/sxv5264/31876421/logs/userlogs/application_1583298047947_0001/container_1583298047947_0001_01_000003/syslog’
removed directory: ‘/scratch/sxv5264/31876421/logs/userlogs/application_1583298047947_0001/container_1583298047947_0001_01_000003’
removed directory: ‘/scratch/sxv5264/31876421/logs/userlogs/application_1583298047947_0001’
removed ‘/scratch/sxv5264/31876421/logs/userlogs/application_1583298047947_0002/container_1583298047947_0002_01_000004/stdout’
removed ‘/scratch/sxv5264/31876421/logs/userlogs/application_1583298047947_0002/container_1583298047947_0002_01_000004/syslog’
removed ‘/scratch/sxv5264/31876421/logs/userlogs/application_1583298047947_0002/container_1583298047947_0002_01_000004/stderr’
removed directory: ‘/scratch/sxv5264/31876421/logs/userlogs/application_1583298047947_0002/container_1583298047947_0002_01_000004’
removed ‘/scratch/sxv5264/31876421/logs/userlogs/application_1583298047947_0002/container_1583298047947_0002_01_000003/stdout’
removed ‘/scratch/sxv5264/31876421/logs/userlogs/application_1583298047947_0002/container_1583298047947_0002_01_000003/syslog’
removed ‘/scratch/sxv5264/31876421/logs/userlogs/application_1583298047947_0002/container_1583298047947_0002_01_000003/stderr’
removed directory: ‘/scratch/sxv5264/31876421/logs/userlogs/application_1583298047947_0002/container_1583298047947_0002_01_000003’
removed ‘/scratch/sxv5264/31876421/logs/userlogs/application_1583298047947_0002/container_1583298047947_0002_01_000002/stdout’
removed ‘/scratch/sxv5264/31876421/logs/userlogs/application_1583298047947_0002/container_1583298047947_0002_01_000002/syslog’
removed ‘/scratch/sxv5264/31876421/logs/userlogs/application_1583298047947_0002/container_1583298047947_0002_01_000002/stderr’
removed directory: ‘/scratch/sxv5264/31876421/logs/userlogs/application_1583298047947_0002/container_1583298047947_0002_01_000002’
removed directory: ‘/scratch/sxv5264/31876421/logs/userlogs/application_1583298047947_0002’
removed directory: ‘/scratch/sxv5264/31876421/logs/userlogs’
removed ‘/scratch/sxv5264/31876421/logs/hadoop-sxv5264-secondarynamenode-comet-11-12.sdsc.edu.log’
removed ‘/scratch/sxv5264/31876421/logs/hadoop-sxv5264-namenode-comet-11-12.sdsc.edu.log’
removed ‘/scratch/sxv5264/31876421/logs/yarn-sxv5264-nodemanager-comet-11-12.sdsc.edu.log’
removed ‘/scratch/sxv5264/31876421/logs/hadoop-sxv5264-secondarynamenode-comet-11-12.sdsc.edu.out’
removed ‘/scratch/sxv5264/31876421/logs/hadoop-sxv5264-namenode-comet-11-12.sdsc.edu.out’
removed ‘/scratch/sxv5264/31876421/logs/yarn-sxv5264-nodemanager-comet-11-12.sdsc.edu.out’
removed ‘/scratch/sxv5264/31876421/logs/hadoop-sxv5264-datanode-comet-11-12.sdsc.edu.out’
removed ‘/scratch/sxv5264/31876421/logs/yarn-sxv5264-resourcemanager-comet-11-12.out’
removed ‘/scratch/sxv5264/31876421/logs/SecurityAuth-sxv5264.audit’
removed directory: ‘/scratch/sxv5264/31876421/logs’
removed directory: ‘/scratch/sxv5264/31876421/mapred_scratch/usercache/sxv5264/filecache’
removed directory: ‘/scratch/sxv5264/31876421/mapred_scratch/usercache/sxv5264/appcache’
removed directory: ‘/scratch/sxv5264/31876421/mapred_scratch/usercache/sxv5264’
removed directory: ‘/scratch/sxv5264/31876421/mapred_scratch/usercache’
removed directory: ‘/scratch/sxv5264/31876421/mapred_scratch/nmPrivate’
removed directory: ‘/scratch/sxv5264/31876421/mapred_scratch/filecache’
removed directory: ‘/scratch/sxv5264/31876421/mapred_scratch’
removed ‘/scratch/sxv5264/31876421/hdfs_data/current/VERSION’
removed ‘/scratch/sxv5264/31876421/hdfs_data/current/BP-991839499-198.202.118.179-1583298030210/dncp_block_verification.log.curr’
removed directory: ‘/scratch/sxv5264/31876421/hdfs_data/current/BP-991839499-198.202.118.179-1583298030210/current/rbw’
removed ‘/scratch/sxv5264/31876421/hdfs_data/current/BP-991839499-198.202.118.179-1583298030210/current/dfsUsed’
removed ‘/scratch/sxv5264/31876421/hdfs_data/current/BP-991839499-198.202.118.179-1583298030210/current/finalized/subdir0/subdir0/blk_1073741827_1003.meta’
removed ‘/scratch/sxv5264/31876421/hdfs_data/current/BP-991839499-198.202.118.179-1583298030210/current/finalized/subdir0/subdir0/blk_1073741826’
removed ‘/scratch/sxv5264/31876421/hdfs_data/current/BP-991839499-198.202.118.179-1583298030210/current/finalized/subdir0/subdir0/blk_1073741835’
removed ‘/scratch/sxv5264/31876421/hdfs_data/current/BP-991839499-198.202.118.179-1583298030210/current/finalized/subdir0/subdir0/blk_1073741842’
removed ‘/scratch/sxv5264/31876421/hdfs_data/current/BP-991839499-198.202.118.179-1583298030210/current/finalized/subdir0/subdir0/blk_1073741835_1011.meta’
removed ‘/scratch/sxv5264/31876421/hdfs_data/current/BP-991839499-198.202.118.179-1583298030210/current/finalized/subdir0/subdir0/blk_1073741833_1009.meta’
removed ‘/scratch/sxv5264/31876421/hdfs_data/current/BP-991839499-198.202.118.179-1583298030210/current/finalized/subdir0/subdir0/blk_1073741843_1019.meta’
removed ‘/scratch/sxv5264/31876421/hdfs_data/current/BP-991839499-198.202.118.179-1583298030210/current/finalized/subdir0/subdir0/blk_1073741825’
removed ‘/scratch/sxv5264/31876421/hdfs_data/current/BP-991839499-198.202.118.179-1583298030210/current/finalized/subdir0/subdir0/blk_1073741841’
removed ‘/scratch/sxv5264/31876421/hdfs_data/current/BP-991839499-198.202.118.179-1583298030210/current/finalized/subdir0/subdir0/blk_1073741836’
removed ‘/scratch/sxv5264/31876421/hdfs_data/current/BP-991839499-198.202.118.179-1583298030210/current/finalized/subdir0/subdir0/blk_1073741842_1018.meta’
removed ‘/scratch/sxv5264/31876421/hdfs_data/current/BP-991839499-198.202.118.179-1583298030210/current/finalized/subdir0/subdir0/blk_1073741839_1015.meta’
removed ‘/scratch/sxv5264/31876421/hdfs_data/current/BP-991839499-198.202.118.179-1583298030210/current/finalized/subdir0/subdir0/blk_1073741826_1002.meta’
removed ‘/scratch/sxv5264/31876421/hdfs_data/current/BP-991839499-198.202.118.179-1583298030210/current/finalized/subdir0/subdir0/blk_1073741834_1010.meta’
removed ‘/scratch/sxv5264/31876421/hdfs_data/current/BP-991839499-198.202.118.179-1583298030210/current/finalized/subdir0/subdir0/blk_1073741839’
removed ‘/scratch/sxv5264/31876421/hdfs_data/current/BP-991839499-198.202.118.179-1583298030210/current/finalized/subdir0/subdir0/blk_1073741833’
removed ‘/scratch/sxv5264/31876421/hdfs_data/current/BP-991839499-198.202.118.179-1583298030210/current/finalized/subdir0/subdir0/blk_1073741836_1012.meta’
removed ‘/scratch/sxv5264/31876421/hdfs_data/current/BP-991839499-198.202.118.179-1583298030210/current/finalized/subdir0/subdir0/blk_1073741843’
removed ‘/scratch/sxv5264/31876421/hdfs_data/current/BP-991839499-198.202.118.179-1583298030210/current/finalized/subdir0/subdir0/blk_1073741834’
removed ‘/scratch/sxv5264/31876421/hdfs_data/current/BP-991839499-198.202.118.179-1583298030210/current/finalized/subdir0/subdir0/blk_1073741840_1016.meta’
removed ‘/scratch/sxv5264/31876421/hdfs_data/current/BP-991839499-198.202.118.179-1583298030210/current/finalized/subdir0/subdir0/blk_1073741827’
removed ‘/scratch/sxv5264/31876421/hdfs_data/current/BP-991839499-198.202.118.179-1583298030210/current/finalized/subdir0/subdir0/blk_1073741837_1013.meta’
removed ‘/scratch/sxv5264/31876421/hdfs_data/current/BP-991839499-198.202.118.179-1583298030210/current/finalized/subdir0/subdir0/blk_1073741825_1001.meta’
removed ‘/scratch/sxv5264/31876421/hdfs_data/current/BP-991839499-198.202.118.179-1583298030210/current/finalized/subdir0/subdir0/blk_1073741841_1017.meta’
removed ‘/scratch/sxv5264/31876421/hdfs_data/current/BP-991839499-198.202.118.179-1583298030210/current/finalized/subdir0/subdir0/blk_1073741837’
removed ‘/scratch/sxv5264/31876421/hdfs_data/current/BP-991839499-198.202.118.179-1583298030210/current/finalized/subdir0/subdir0/blk_1073741840’
removed directory: ‘/scratch/sxv5264/31876421/hdfs_data/current/BP-991839499-198.202.118.179-1583298030210/current/finalized/subdir0/subdir0’
removed directory: ‘/scratch/sxv5264/31876421/hdfs_data/current/BP-991839499-198.202.118.179-1583298030210/current/finalized/subdir0’
removed directory: ‘/scratch/sxv5264/31876421/hdfs_data/current/BP-991839499-198.202.118.179-1583298030210/current/finalized’
removed ‘/scratch/sxv5264/31876421/hdfs_data/current/BP-991839499-198.202.118.179-1583298030210/current/VERSION’
removed directory: ‘/scratch/sxv5264/31876421/hdfs_data/current/BP-991839499-198.202.118.179-1583298030210/current’
removed ‘/scratch/sxv5264/31876421/hdfs_data/current/BP-991839499-198.202.118.179-1583298030210/dncp_block_verification.log.prev’
removed directory: ‘/scratch/sxv5264/31876421/hdfs_data/current/BP-991839499-198.202.118.179-1583298030210/tmp’
removed directory: ‘/scratch/sxv5264/31876421/hdfs_data/current/BP-991839499-198.202.118.179-1583298030210’
removed directory: ‘/scratch/sxv5264/31876421/hdfs_data/current’
removed directory: ‘/scratch/sxv5264/31876421/hdfs_data’
removed directory: ‘/scratch/sxv5264/31876421/pids’
removed ‘/scratch/sxv5264/31876421/logs/userlogs/application_1583298047947_0002/container_1583298047947_0002_01_000001/stdout’
removed ‘/scratch/sxv5264/31876421/logs/userlogs/application_1583298047947_0002/container_1583298047947_0002_01_000001/syslog’
removed ‘/scratch/sxv5264/31876421/logs/userlogs/application_1583298047947_0002/container_1583298047947_0002_01_000001/stderr’
removed directory: ‘/scratch/sxv5264/31876421/logs/userlogs/application_1583298047947_0002/container_1583298047947_0002_01_000001’
removed directory: ‘/scratch/sxv5264/31876421/logs/userlogs/application_1583298047947_0002’
removed ‘/scratch/sxv5264/31876421/logs/userlogs/application_1583298047947_0001/container_1583298047947_0001_01_000001/stdout’
removed ‘/scratch/sxv5264/31876421/logs/userlogs/application_1583298047947_0001/container_1583298047947_0001_01_000001/syslog’
removed ‘/scratch/sxv5264/31876421/logs/userlogs/application_1583298047947_0001/container_1583298047947_0001_01_000001/stderr’
removed directory: ‘/scratch/sxv5264/31876421/logs/userlogs/application_1583298047947_0001/container_1583298047947_0001_01_000001’
removed ‘/scratch/sxv5264/31876421/logs/userlogs/application_1583298047947_0001/container_1583298047947_0001_01_000006/stderr’
removed ‘/scratch/sxv5264/31876421/logs/userlogs/application_1583298047947_0001/container_1583298047947_0001_01_000006/stdout’
removed ‘/scratch/sxv5264/31876421/logs/userlogs/application_1583298047947_0001/container_1583298047947_0001_01_000006/syslog’
removed directory: ‘/scratch/sxv5264/31876421/logs/userlogs/application_1583298047947_0001/container_1583298047947_0001_01_000006’
removed directory: ‘/scratch/sxv5264/31876421/logs/userlogs/application_1583298047947_0001’
removed directory: ‘/scratch/sxv5264/31876421/logs/userlogs’
removed ‘/scratch/sxv5264/31876421/logs/yarn-sxv5264-nodemanager-comet-11-27.sdsc.edu.out’
removed ‘/scratch/sxv5264/31876421/logs/hadoop-sxv5264-datanode-comet-11-27.sdsc.edu.log’
removed ‘/scratch/sxv5264/31876421/logs/yarn-sxv5264-nodemanager-comet-11-27.sdsc.edu.log’
removed ‘/scratch/sxv5264/31876421/logs/hadoop-sxv5264-datanode-comet-11-27.sdsc.edu.out’
removed ‘/scratch/sxv5264/31876421/logs/SecurityAuth-sxv5264.audit’
removed directory: ‘/scratch/sxv5264/31876421/logs’
removed directory: ‘/tmp/Jetty_0_0_0_0_50075_datanode____hwtdwq_1351634326792103506/.active’
removed directory: ‘/tmp/Jetty_0_0_0_0_50075_datanode____hwtdwq_1351634326792103506/jsp’
removed directory: ‘/tmp/Jetty_0_0_0_0_50075_datanode____hwtdwq_1351634326792103506’
removed directory: ‘/tmp/Jetty_0_0_0_0_50070_hdfs____w2cu08_2870035838489466074/.active’
removed directory: ‘/tmp/Jetty_0_0_0_0_50070_hdfs____w2cu08_2870035838489466074/jsp’
removed directory: ‘/tmp/Jetty_0_0_0_0_50070_hdfs____w2cu08_2870035838489466074’
removed directory: ‘/tmp/Jetty_comet.11.12_ibnet_50090_secondary____.vdzva0_1499984363300279990/.active’
removed directory: ‘/tmp/Jetty_comet.11.12_ibnet_50090_secondary____.vdzva0_1499984363300279990/jsp’
removed directory: ‘/tmp/Jetty_comet.11.12_ibnet_50090_secondary____.vdzva0_1499984363300279990’